<?xml version="1.0" encoding="UTF-8"?>
<testng-results skipped="0" failed="0" ignored="0" total="1" passed="1">
  <reporter-output>
  </reporter-output>
  <suite name="Default suite" duration-ms="24242" started-at="2019-02-23T11:34:16Z" finished-at="2019-02-23T11:34:40Z">
    <groups>
    </groups>
    <test name="Default test" duration-ms="24242" started-at="2019-02-23T11:34:16Z" finished-at="2019-02-23T11:34:40Z">
      <class name="com.test.ClassA">
        <test-method status="PASS" signature="testB()[pri:0, instance:com.test.ClassA@1d057a39]" name="testB" duration-ms="24175" started-at="2019-02-23T11:34:16Z" finished-at="2019-02-23T11:34:40Z">
          <reporter-output>
          </reporter-output>
        </test-method> <!-- testB -->
      </class> <!-- com.test.ClassA -->
    </test> <!-- Default test -->
  </suite> <!-- Default suite -->
</testng-results>
